#
# A fatal error has been detected by the Java Runtime Environment:
#
#  EXCEPTION_ACCESS_VIOLATION (0xc0000005) at pc=0x0000000063c85c80, pid=6312, tid=6900
#
# JRE version: Java(TM) SE Runtime Environment (8.0_66-b18) (build 1.8.0_66-b18)
# Java VM: Java HotSpot(TM) 64-Bit Server VM (25.66-b18 mixed mode windows-amd64 compressed oops)
# Problematic frame:
# V  [jvm.dll+0x495c80]
#
# Failed to write core dump. Minidumps are not enabled by default on client versions of Windows
#
# If you would like to submit a bug report, please visit:
#   http://bugreport.java.com/bugreport/crash.jsp
#

---------------  T H R E A D  ---------------

Current thread (0x00000000560eb800):  JavaThread "C2 CompilerThread0" daemon [_thread_in_native, id=6900, stack(0x0000000056890000,0x0000000056990000)]

siginfo: ExceptionCode=0xc0000005, reading address 0xffffffffffffffff

Registers:
RAX=0x000100005ba2f830, RBX=0x00000000607d0590, RCX=0x0000000000000037, RDX=0x000000000000001f
RSP=0x000000005698c6d0, RBP=0x0000000000003721, RSI=0x000000005698c7d0, RDI=0x0000000000003721
R8 =0x00000000000011a2, R9 =0x0000000061e697e0, R10=0x00000000637f0000, R11=0x000000005698c5c0
R12=0x0000000063fface8, R13=0x00000000637f0000, R14=0x0000000057180db8, R15=0x00000000000003d8
RIP=0x0000000063c85c80, EFLAGS=0x0000000000010202

Top of Stack: (sp=0x000000005698c6d0)
0x000000005698c6d0:   00000000607d0a90 00000000607d0a90
0x000000005698c6e0:   0000000000003721 000000005698c7d0
0x000000005698c6f0:   000011a3000001ff 0000000000000006
0x000000005698c700:   0000000061a7fb20 0000000000000012
0x000000005698c710:   000000005b67a480 0000000000000043
0x000000005698c720:   00000000609474f0 000000005698cac0
0x000000005698c730:   00000000571809e0 000000005698cac0
0x000000005698c740:   00000000571809d0 0000000063c526e1
0x000000005698c750:   0000000000000000 000000005698c850
0x000000005698c760:   0000000000000000 0000000000000009
0x000000005698c770:   0000000000000002 00000000571809d0
0x000000005698c780:   0000000061e65030 0000000061e69cc0
0x000000005698c790:   0000000061e6d018 0000000001385918
0x000000005698c7a0:   0000000000000002 0000000057ac8860
0x000000005698c7b0:   0000000057ac8860 0000000057ac8870
0x000000005698c7c0:   0000000057ac8c48 00000000000003d8 

Instructions: (pc=0x0000000063c85c80)
0x0000000063c85c60:   c0 74 68 8b c0 48 8d 1c 80 48 c1 e3 05 48 03 5e
0x0000000063c85c70:   10 85 ff 74 93 48 8b 43 08 48 8b cd 48 c1 e9 08
0x0000000063c85c80:   4c 8b 0c c8 4d 3b cc 75 0d 8b d7 48 8b cb e8 bd
0x0000000063c85c90:   4a 00 00 4c 8b c8 8b d7 8b cf 41 b8 01 00 00 00 


Register to memory mapping:

RAX=0x000100005ba2f830 is an unknown value
RBX=0x00000000607d0590 is an unknown value
RCX=0x0000000000000037 is an unknown value
RDX=0x000000000000001f is an unknown value
RSP=0x000000005698c6d0 is pointing into the stack for thread: 0x00000000560eb800
RBP=0x0000000000003721 is an unknown value
RSI=0x000000005698c7d0 is pointing into the stack for thread: 0x00000000560eb800
RDI=0x0000000000003721 is an unknown value
R8 =0x00000000000011a2 is an unknown value
R9 =0x0000000061e697e0 is an unknown value
R10=0x00000000637f0000 is an unknown value
R11=0x000000005698c5c0 is pointing into the stack for thread: 0x00000000560eb800
R12=0x0000000063fface8 is an unknown value
R13=0x00000000637f0000 is an unknown value
R14=0x0000000057180db8 is an unknown value
R15=0x00000000000003d8 is an unknown value


Stack: [0x0000000056890000,0x0000000056990000],  sp=0x000000005698c6d0,  free space=1009k
Native frames: (J=compiled Java code, j=interpreted, Vv=VM code, C=native code)
V  [jvm.dll+0x495c80]
V  [jvm.dll+0x4626e1]
V  [jvm.dll+0x46d55b]
V  [jvm.dll+0x46fb72]
V  [jvm.dll+0x452d12]
V  [jvm.dll+0xa4912]
V  [jvm.dll+0xa524f]
V  [jvm.dll+0x243274]
V  [jvm.dll+0x29a0fa]
C  [msvcr100.dll+0x21d9f]
C  [msvcr100.dll+0x21e3b]
C  [kernel32.dll+0x1652d]
C  [ntdll.dll+0x2c521]


Current CompileTask:
C2:  75262 8327   !   4       java.net.URLClassLoader$1::run (63 bytes)


---------------  P R O C E S S  ---------------

Java Threads: ( => current thread )
  0x0000000061ebf000 JavaThread "Forward streams with process: command 'C:\Program Files\Java\jdk1.8.0_66\bin\java.exe' Thread 3" [_thread_in_native, id=1448, stack(0x0000000063320000,0x0000000063420000)]
  0x0000000061ebe800 JavaThread "Forward streams with process: command 'C:\Program Files\Java\jdk1.8.0_66\bin\java.exe' Thread 2" [_thread_in_native, id=6660, stack(0x0000000063130000,0x0000000063230000)]
  0x0000000061ebd800 JavaThread "Forward streams with process: command 'C:\Program Files\Java\jdk1.8.0_66\bin\java.exe'" [_thread_blocked, id=6720, stack(0x0000000062cf0000,0x0000000062df0000)]
  0x000000005c2c7800 JavaThread "Forward streams with process: command 'C:\Program Files\Java\jdk1.8.0_66\bin\java.exe' Thread 3" [_thread_in_native, id=6716, stack(0x0000000062f30000,0x0000000063030000)]
  0x000000005c2c6800 JavaThread "Forward streams with process: command 'C:\Program Files\Java\jdk1.8.0_66\bin\java.exe' Thread 2" [_thread_in_native, id=4996, stack(0x00000000628d0000,0x00000000629d0000)]
  0x000000005c2c6000 JavaThread "Forward streams with process: command 'C:\Program Files\Java\jdk1.8.0_66\bin\java.exe'" [_thread_blocked, id=5292, stack(0x0000000062df0000,0x0000000062ef0000)]
  0x000000005c2c5000 JavaThread "Forward streams with process: command 'C:\Program Files\Java\jdk1.8.0_66\bin\java.exe' Thread 3" [_thread_in_native, id=1272, stack(0x0000000062bf0000,0x0000000062cf0000)]
  0x000000005c2c4800 JavaThread "Forward streams with process: command 'C:\Program Files\Java\jdk1.8.0_66\bin\java.exe' Thread 2" [_thread_in_native, id=5680, stack(0x0000000062a40000,0x0000000062b40000)]
  0x000000005c2c3800 JavaThread "Forward streams with process: command 'C:\Program Files\Java\jdk1.8.0_66\bin\java.exe'" [_thread_blocked, id=7048, stack(0x00000000627d0000,0x00000000628d0000)]
  0x000000005c2c2000 JavaThread "Run command 'C:\Program Files\Java\jdk1.8.0_66\bin\java.exe'" [_thread_in_native, id=5140, stack(0x00000000614d0000,0x00000000615d0000)]
  0x000000005c2c1800 JavaThread "Run command 'C:\Program Files\Java\jdk1.8.0_66\bin\java.exe'" [_thread_in_native, id=5384, stack(0x0000000061290000,0x0000000061390000)]
  0x000000005c2c0800 JavaThread "Run command 'C:\Program Files\Java\jdk1.8.0_66\bin\java.exe'" [_thread_in_native, id=5388, stack(0x0000000061120000,0x0000000061220000)]
  0x000000005c2c0000 JavaThread "pool-1-thread-4" [_thread_blocked, id=4284, stack(0x00000000590b0000,0x00000000591b0000)]
  0x000000005c2bf000 JavaThread "pool-1-thread-3" [_thread_blocked, id=5404, stack(0x0000000058e80000,0x0000000058f80000)]
  0x000000005c2be800 JavaThread "pool-1-thread-2" [_thread_blocked, id=6960, stack(0x0000000060f20000,0x0000000061020000)]
  0x000000005c2bd800 JavaThread "pool-1-thread-1" [_thread_blocked, id=6460, stack(0x0000000060cf0000,0x0000000060df0000)]
  0x000000005c2bd000 JavaThread "Stdin handler" [_thread_blocked, id=6484, stack(0x0000000059320000,0x0000000059420000)]
  0x000000005c2bc000 JavaThread "Daemon worker Thread 2" [_thread_blocked, id=5592, stack(0x000000005eaa0000,0x000000005eba0000)]
  0x000000005c2ba800 JavaThread "Cancel handler" [_thread_blocked, id=1724, stack(0x0000000059a90000,0x0000000059b90000)]
  0x000000005c2b9000 JavaThread "Handler for socket connection from /127.0.0.1:50432 to /127.0.0.1:50605" [_thread_in_native, id=6184, stack(0x00000000591b0000,0x00000000592b0000)]
  0x000000005c2ba000 JavaThread "Daemon Thread 2" [_thread_blocked, id=7124, stack(0x0000000058f90000,0x0000000059090000)]
  0x0000000058711800 JavaThread "File lock request listener" [_thread_in_native, id=688, stack(0x0000000056da0000,0x0000000056ea0000)]
  0x0000000058109800 JavaThread "Incoming local TCP Connector on port 50432" [_thread_in_native, id=1484, stack(0x0000000058b30000,0x0000000058c30000)]
  0x0000000056171800 JavaThread "Service Thread" daemon [_thread_blocked, id=6760, stack(0x0000000056ec0000,0x0000000056fc0000)]
  0x000000005614b000 JavaThread "C1 CompilerThread2" daemon [_thread_blocked, id=7016, stack(0x0000000056c70000,0x0000000056d70000)]
  0x00000000560fa800 JavaThread "C2 CompilerThread1" daemon [_thread_in_native, id=6956, stack(0x0000000056ac0000,0x0000000056bc0000)]
=>0x00000000560eb800 JavaThread "C2 CompilerThread0" daemon [_thread_in_native, id=6900, stack(0x0000000056890000,0x0000000056990000)]
  0x00000000560e8800 JavaThread "Attach Listener" daemon [_thread_blocked, id=6896, stack(0x0000000056760000,0x0000000056860000)]
  0x0000000054dee000 JavaThread "Signal Dispatcher" daemon [_thread_blocked, id=6892, stack(0x0000000056520000,0x0000000056620000)]
  0x0000000054d8b000 JavaThread "Finalizer" daemon [_thread_blocked, id=6880, stack(0x0000000055fe0000,0x00000000560e0000)]
  0x0000000054d84800 JavaThread "Reference Handler" daemon [_thread_blocked, id=6792, stack(0x0000000055eb0000,0x0000000055fb0000)]
  0x000000000036e800 JavaThread "main" [_thread_blocked, id=6176, stack(0x00000000024b0000,0x00000000025b0000)]

Other Threads:
  0x0000000054d7f000 VMThread [stack: 0x0000000055cc0000,0x0000000055dc0000] [id=6772]
  0x00000000561ab800 WatcherThread [stack: 0x00000000569c0000,0x0000000056ac0000] [id=6756]

VM state:not at safepoint (normal execution)

VM Mutex/Monitor currently owned by a thread: None

Heap:
 PSYoungGen      total 310272K, used 141452K [0x00000000eab00000, 0x0000000100000000, 0x0000000100000000)
  eden space 289792K, 45% used [0x00000000eab00000,0x00000000f2beb358,0x00000000fc600000)
  from space 20480K, 46% used [0x00000000fec00000,0x00000000ff538020,0x0000000100000000)
  to   space 29696K, 0% used [0x00000000fc600000,0x00000000fc600000,0x00000000fe300000)
 ParOldGen       total 89088K, used 56576K [0x00000000c0000000, 0x00000000c5700000, 0x00000000eab00000)
  object space 89088K, 63% used [0x00000000c0000000,0x00000000c3740280,0x00000000c5700000)
 Metaspace       used 53813K, capacity 58014K, committed 58240K, reserved 1099776K
  class space    used 7342K, capacity 8476K, committed 8576K, reserved 1048576K

Card table byte_map: [0x0000000011970000,0x0000000011b80000] byte_map_base: 0x0000000011370000

Marking Bits: (ParMarkBitMap*) 0x0000000063ffa5b0
 Begin Bits: [0x00000000121f0000, 0x00000000131f0000)
 End Bits:   [0x00000000131f0000, 0x00000000141f0000)

Polling page: 0x0000000000320000

CodeCache: size=245760Kb used=25806Kb max_used=25943Kb free=219953Kb
 bounds [0x00000000025b0000, 0x0000000003f30000, 0x00000000115b0000]
 total_blobs=8353 nmethods=7642 adapters=621
 compilation: enabled

Compilation events (10 events):
Event: 75.156 Thread 0x000000005614b000 8995       2       java.nio.charset.CharsetEncoder::implReset (1 bytes)
Event: 75.156 Thread 0x000000005614b000 nmethod 8995 0x0000000003907510 code [0x0000000003907660, 0x00000000039077b0]
Event: 75.156 Thread 0x000000005614b000 8993       2       java.util.zip.ZipCoder::encoder (35 bytes)
Event: 75.156 Thread 0x000000005614b000 nmethod 8993 0x0000000003823110 code [0x0000000003823280, 0x0000000003823488]
Event: 75.157 Thread 0x000000005614b000 8994       2       java.nio.charset.CharsetEncoder::reset (11 bytes)
Event: 75.157 Thread 0x000000005614b000 nmethod 8994 0x000000000383d190 code [0x000000000383d300, 0x000000000383d488]
Event: 75.181 Thread 0x000000005614b000 8996       2       java.lang.ProcessEnvironment$EntryComparator::compare (13 bytes)
Event: 75.182 Thread 0x000000005614b000 nmethod 8996 0x000000000280a990 code [0x000000000280ab20, 0x000000000280ade8]
Event: 75.182 Thread 0x000000005614b000 8997       2       java.lang.ProcessEnvironment$EntryComparator::compare (25 bytes)
Event: 75.182 Thread 0x000000005614b000 nmethod 8997 0x00000000027661d0 code [0x0000000002766360, 0x00000000027665a8]

GC Heap History (10 events):
Event: 4.932 GC heap before
{Heap before GC invocations=9 (full 1):
 PSYoungGen      total 210944K, used 46899K [0x00000000eab00000, 0x0000000100000000, 0x0000000100000000)
  eden space 197632K, 16% used [0x00000000eab00000,0x00000000ecbce530,0x00000000f6c00000)
  from space 13312K, 99% used [0x00000000f6c00000,0x00000000f78fe910,0x00000000f7900000)
  to   space 18944K, 0% used [0x00000000fed80000,0x00000000fed80000,0x0000000100000000)
 ParOldGen       total 63488K, used 17165K [0x00000000c0000000, 0x00000000c3e00000, 0x00000000eab00000)
  object space 63488K, 27% used [0x00000000c0000000,0x00000000c10c36c8,0x00000000c3e00000)
 Metaspace       used 34448K, capacity 35390K, committed 35456K, reserved 1079296K
  class space    used 4586K, capacity 4989K, committed 4992K, reserved 1048576K
Event: 4.953 GC heap after
Heap after GC invocations=9 (full 1):
 PSYoungGen      total 327168K, used 13765K [0x00000000eab00000, 0x0000000100000000, 0x0000000100000000)
  eden space 308224K, 0% used [0x00000000eab00000,0x00000000eab00000,0x00000000fd800000)
  from space 18944K, 72% used [0x00000000fed80000,0x00000000ffaf1720,0x0000000100000000)
  to   space 20480K, 0% used [0x00000000fd800000,0x00000000fd800000,0x00000000fec00000)
 ParOldGen       total 63488K, used 18142K [0x00000000c0000000, 0x00000000c3e00000, 0x00000000eab00000)
  object space 63488K, 28% used [0x00000000c0000000,0x00000000c11b7828,0x00000000c3e00000)
 Metaspace       used 34448K, capacity 35390K, committed 35456K, reserved 1079296K
  class space    used 4586K, capacity 4989K, committed 4992K, reserved 1048576K
}
Event: 4.953 GC heap before
{Heap before GC invocations=10 (full 2):
 PSYoungGen      total 327168K, used 13765K [0x00000000eab00000, 0x0000000100000000, 0x0000000100000000)
  eden space 308224K, 0% used [0x00000000eab00000,0x00000000eab00000,0x00000000fd800000)
  from space 18944K, 72% used [0x00000000fed80000,0x00000000ffaf1720,0x0000000100000000)
  to   space 20480K, 0% used [0x00000000fd800000,0x00000000fd800000,0x00000000fec00000)
 ParOldGen       total 63488K, used 18142K [0x00000000c0000000, 0x00000000c3e00000, 0x00000000eab00000)
  object space 63488K, 28% used [0x00000000c0000000,0x00000000c11b7828,0x00000000c3e00000)
 Metaspace       used 34448K, capacity 35390K, committed 35456K, reserved 1079296K
  class space    used 4586K, capacity 4989K, committed 4992K, reserved 1048576K
Event: 5.035 GC heap after
Heap after GC invocations=10 (full 2):
 PSYoungGen      total 327168K, used 0K [0x00000000eab00000, 0x0000000100000000, 0x0000000100000000)
  eden space 308224K, 0% used [0x00000000eab00000,0x00000000eab00000,0x00000000fd800000)
  from space 18944K, 0% used [0x00000000fed80000,0x00000000fed80000,0x0000000100000000)
  to   space 20480K, 0% used [0x00000000fd800000,0x00000000fd800000,0x00000000fec00000)
 ParOldGen       total 89088K, used 21410K [0x00000000c0000000, 0x00000000c5700000, 0x00000000eab00000)
  object space 89088K, 24% used [0x00000000c0000000,0x00000000c14e8a20,0x00000000c5700000)
 Metaspace       used 34410K, capacity 35276K, committed 35456K, reserved 1079296K
  class space    used 4580K, capacity 4955K, committed 4992K, reserved 1048576K
}
Event: 7.356 GC heap before
{Heap before GC invocations=11 (full 2):
 PSYoungGen      total 327168K, used 307452K [0x00000000eab00000, 0x0000000100000000, 0x0000000100000000)
  eden space 308224K, 99% used [0x00000000eab00000,0x00000000fd73f0b8,0x00000000fd800000)
  from space 18944K, 0% used [0x00000000fed80000,0x00000000fed80000,0x0000000100000000)
  to   space 20480K, 0% used [0x00000000fd800000,0x00000000fd800000,0x00000000fec00000)
 ParOldGen       total 89088K, used 21410K [0x00000000c0000000, 0x00000000c5700000, 0x00000000eab00000)
  object space 89088K, 24% used [0x00000000c0000000,0x00000000c14e8a20,0x00000000c5700000)
 Metaspace       used 44485K, capacity 47018K, committed 47232K, reserved 1089536K
  class space    used 6134K, capacity 7012K, committed 7040K, reserved 1048576K
Event: 7.409 GC heap after
Heap after GC invocations=11 (full 2):
 PSYoungGen      total 328704K, used 20463K [0x00000000eab00000, 0x0000000100000000, 0x0000000100000000)
  eden space 308224K, 0% used [0x00000000eab00000,0x00000000eab00000,0x00000000fd800000)
  from space 20480K, 99% used [0x00000000fd800000,0x00000000febfbf40,0x00000000fec00000)
  to   space 20480K, 0% used [0x00000000fec00000,0x00000000fec00000,0x0000000100000000)
 ParOldGen       total 89088K, used 38163K [0x00000000c0000000, 0x00000000c5700000, 0x00000000eab00000)
  object space 89088K, 42% used [0x00000000c0000000,0x00000000c2544eb8,0x00000000c5700000)
 Metaspace       used 44485K, capacity 47018K, committed 47232K, reserved 1089536K
  class space    used 6134K, capacity 7012K, committed 7040K, reserved 1048576K
}
Event: 7.409 GC heap before
{Heap before GC invocations=12 (full 3):
 PSYoungGen      total 328704K, used 20463K [0x00000000eab00000, 0x0000000100000000, 0x0000000100000000)
  eden space 308224K, 0% used [0x00000000eab00000,0x00000000eab00000,0x00000000fd800000)
  from space 20480K, 99% used [0x00000000fd800000,0x00000000febfbf40,0x00000000fec00000)
  to   space 20480K, 0% used [0x00000000fec00000,0x00000000fec00000,0x0000000100000000)
 ParOldGen       total 89088K, used 38163K [0x00000000c0000000, 0x00000000c5700000, 0x00000000eab00000)
  object space 89088K, 42% used [0x00000000c0000000,0x00000000c2544eb8,0x00000000c5700000)
 Metaspace       used 44485K, capacity 47018K, committed 47232K, reserved 1089536K
  class space    used 6134K, capacity 7012K, committed 7040K, reserved 1048576K
Event: 7.706 GC heap after
Heap after GC invocations=12 (full 3):
 PSYoungGen      total 328704K, used 0K [0x00000000eab00000, 0x0000000100000000, 0x0000000100000000)
  eden space 308224K, 0% used [0x00000000eab00000,0x00000000eab00000,0x00000000fd800000)
  from space 20480K, 0% used [0x00000000fd800000,0x00000000fd800000,0x00000000fec00000)
  to   space 20480K, 0% used [0x00000000fec00000,0x00000000fec00000,0x0000000100000000)
 ParOldGen       total 89088K, used 56568K [0x00000000c0000000, 0x00000000c5700000, 0x00000000eab00000)
  object space 89088K, 63% used [0x00000000c0000000,0x00000000c373e280,0x00000000c5700000)
 Metaspace       used 44485K, capacity 47018K, committed 47232K, reserved 1089536K
  class space    used 6134K, capacity 7012K, committed 7040K, reserved 1048576K
}
Event: 73.424 GC heap before
{Heap before GC invocations=13 (full 3):
 PSYoungGen      total 328704K, used 308224K [0x00000000eab00000, 0x0000000100000000, 0x0000000100000000)
  eden space 308224K, 100% used [0x00000000eab00000,0x00000000fd800000,0x00000000fd800000)
  from space 20480K, 0% used [0x00000000fd800000,0x00000000fd800000,0x00000000fec00000)
  to   space 20480K, 0% used [0x00000000fec00000,0x00000000fec00000,0x0000000100000000)
 ParOldGen       total 89088K, used 56568K [0x00000000c0000000, 0x00000000c5700000, 0x00000000eab00000)
  object space 89088K, 63% used [0x00000000c0000000,0x00000000c373e280,0x00000000c5700000)
 Metaspace       used 47919K, capacity 51902K, committed 52096K, reserved 1093632K
  class space    used 6621K, capacity 7753K, committed 7808K, reserved 1048576K
Event: 73.443 GC heap after
Heap after GC invocations=13 (full 3):
 PSYoungGen      total 310272K, used 9440K [0x00000000eab00000, 0x0000000100000000, 0x0000000100000000)
  eden space 289792K, 0% used [0x00000000eab00000,0x00000000eab00000,0x00000000fc600000)
  from space 20480K, 46% used [0x00000000fec00000,0x00000000ff538020,0x0000000100000000)
  to   space 29696K, 0% used [0x00000000fc600000,0x00000000fc600000,0x00000000fe300000)
 ParOldGen       total 89088K, used 56576K [0x00000000c0000000, 0x00000000c5700000, 0x00000000eab00000)
  object space 89088K, 63% used [0x00000000c0000000,0x00000000c3740280,0x00000000c5700000)
 Metaspace       used 47919K, capacity 51902K, committed 52096K, reserved 1093632K
  class space    used 6621K, capacity 7753K, committed 7808K, reserved 1048576K
}

Deoptimization events (10 events):
Event: 74.758 Thread 0x000000005c2bc000 Uncommon trap: reason=bimorphic action=maybe_recompile pc=0x00000000034d2e40 method=com.sun.tools.javac.code.Scope.lookup(Lcom/sun/tools/javac/util/Name;Lcom/sun/tools/javac/util/Filter;)Lcom/sun/tools/javac/code/Scope$Entry; @ 49
Event: 74.759 Thread 0x000000005c2bc000 Uncommon trap: reason=bimorphic action=maybe_recompile pc=0x00000000034d2e40 method=com.sun.tools.javac.code.Scope.lookup(Lcom/sun/tools/javac/util/Name;Lcom/sun/tools/javac/util/Filter;)Lcom/sun/tools/javac/code/Scope$Entry; @ 49
Event: 74.759 Thread 0x000000005c2bc000 Uncommon trap: reason=bimorphic action=maybe_recompile pc=0x00000000034d2e40 method=com.sun.tools.javac.code.Scope.lookup(Lcom/sun/tools/javac/util/Name;Lcom/sun/tools/javac/util/Filter;)Lcom/sun/tools/javac/code/Scope$Entry; @ 49
Event: 74.789 Thread 0x000000005c2bc000 Uncommon trap: reason=unstable_if action=reinterpret pc=0x0000000003d8143c method=com.sun.tools.javac.code.Scope.enter(Lcom/sun/tools/javac/code/Symbol;Lcom/sun/tools/javac/code/Scope;Lcom/sun/tools/javac/code/Scope;Z)V @ 116
Event: 74.838 Thread 0x000000005c2bc000 Uncommon trap: reason=unloaded action=reinterpret pc=0x00000000037d253c method=com.sun.tools.javac.jvm.ClassReader.readPool(I)Ljava/lang/Object; @ 413
Event: 74.924 Thread 0x000000005c2bc000 Uncommon trap: reason=unstable_if action=reinterpret pc=0x0000000003705f8c method=com.sun.tools.javac.util.Convert.chars2utf([CI[BII)I @ 35
Event: 75.107 Thread 0x000000005c2bc000 Uncommon trap: reason=unstable_if action=reinterpret pc=0x0000000003b7e494 method=org.codehaus.groovy.runtime.metaclass.MetaMethodIndex.getMethods(Ljava/lang/Class;Ljava/lang/String;)Lorg/codehaus/groovy/runtime/metaclass/MetaMethodIndex$Entry; @ 61
Event: 75.112 Thread 0x000000005c2bd800 Uncommon trap: reason=unstable_if action=reinterpret pc=0x00000000033a6d3c method=java.lang.ThreadLocal.get()Ljava/lang/Object; @ 11
Event: 75.117 Thread 0x000000005c2be800 Uncommon trap: reason=unstable_if action=reinterpret pc=0x000000000349a3e8 method=groovy.lang.MetaClassImpl.findPropertyMethod(Ljava/lang/Object;ZZ)Lgroovy/lang/MetaMethod; @ 95
Event: 75.163 Thread 0x000000005c2bd800 Uncommon trap: reason=unstable_if action=reinterpret pc=0x0000000003c6c320 method=java.io.WinNTFileSystem.resolve(Ljava/lang/String;Ljava/lang/String;)Ljava/lang/String; @ 36

Internal exceptions (10 events):
Event: 75.122 Thread 0x000000005c2be800 Exception <a 'java/lang/ClassNotFoundException': com/google/common/hash/HashCode$BytesHashCodeBeanInfo> (0x00000000f1bbca18) thrown at [C:\re\workspace\8-2-build-windows-amd64-cygwin\jdk8u66\5298\hotspot\src\share\vm\classfile\systemDictionary.cpp, line 21rƒ3’«R@
Event: 75.122 Thread 0x000000005c2be800 Exception <a 'java/lang/ClassNotFoundException': com/google/common/hash/HashCodeBeanInfo> (0x00000000f1bc55d8) thrown at [C:\re\workspace\8-2-build-windows-amd64-cygwin\jdk8u66\5298\hotspot\src\share\vm\classfile\systemDictionary.cpp, line 210]
Event: 75.123 Thread 0x000000005c2be800 Exception <a 'java/lang/ClassNotFoundException': com/google/common/hash/HashCodeCustomizer> (0x00000000f1bce410) thrown at [C:\re\workspace\8-2-build-windows-amd64-cygwin\jdk8u66\5298\hotspot\src\share\vm\classfile\systemDictionary.cpp, line 210]
Event: 75.123 Thread 0x000000005c2be800 Exception <a 'java/lang/ClassNotFoundException': com/google/common/hash/HashCode$BytesHashCodeCustomizer> (0x00000000f1be0560) thrown at [C:\re\workspace\8-2-build-windows-amd64-cygwin\jdk8u66\5298\hotspot\src\share\vm\classfile\systemDictionary.cpp, line 
Event: 75.133 Thread 0x000000005c2bf000 Exception <a 'java/lang/ClassNotFoundException': com/google/common/base/CharsetsBeanInfo> (0x00000000f1a036d8) thrown at [C:\re\workspace\8-2-build-windows-amd64-cygwin\jdk8u66\5298\hotspot\src\share\vm\classfile\systemDictionary.cpp, line 210]
Event: 75.134 Thread 0x000000005c2bf000 Exception <a 'java/lang/ClassNotFoundException': com/google/common/base/CharsetsCustomizer> (0x00000000f1a0c510) thrown at [C:\re\workspace\8-2-build-windows-amd64-cygwin\jdk8u66\5298\hotspot\src\share\vm\classfile\systemDictionary.cpp, line 210]
Event: 75.134 Thread 0x000000005c2bf000 Exception <a 'java/lang/ClassNotFoundException': com/google/common/hash/MessageDigestHashFunctionBeanInfo> (0x00000000f1a2c208) thrown at [C:\re\workspace\8-2-build-windows-amd64-cygwin\jdk8u66\5298\hotspot\src\share\vm\classfile\systemDictionary.cpp, lineGèù»R@
Event: 75.135 Thread 0x000000005c2bf000 Exception <a 'java/lang/ClassNotFoundException': com/google/common/hash/AbstractStreamingHashFunctionBeanInfo> (0x00000000f1a379c8) thrown at [C:\re\workspace\8-2-build-windows-amd64-cygwin\jdk8u66\5298\hotspot\src\share\vm\classfile\systemDictionary.cpp, æ˘+†»R@
Event: 75.135 Thread 0x000000005c2bf000 Exception <a 'java/lang/ClassNotFoundException': com/google/common/hash/AbstractStreamingHashFunctionCustomizer> (0x00000000f1a43248) thrown at [C:\re\workspace\8-2-build-windows-amd64-cygwin\jdk8u66\5298\hotspot\src\share\vm\classfile\systemDictionary.cppˆπL!¶»R@
Event: 75.135 Thread 0x000000005c2bf000 Exception <a 'java/lang/ClassNotFoundException': com/google/common/hash/MessageDigestHashFunctionCustomizer> (0x00000000f1a56198) thrown at [C:\re\workspace\8-2-build-windows-amd64-cygwin\jdk8u66\5298\hotspot\src\share\vm\classfile\systemDictionary.cpp, liAÀiÿ“«R@

Events (10 events):
Event: 75.184 Thread 0x000000005c2c5000 Thread added: 0x000000005c2c5000
Event: 75.185 Executing VM operation: RevokeBias
Event: 75.185 Executing VM operation: RevokeBias done
Event: 75.185 Thread 0x000000005c2c3000 Thread exited: 0x000000005c2c3000
Event: 75.185 Executing VM operation: RevokeBias
Event: 75.185 Executing VM operation: RevokeBias done
Event: 75.212 Thread 0x000000005c2c3000 Thread added: 0x000000005c2c3000
Event: 75.213 Thread 0x000000005c2c6000 Thread added: 0x000000005c2c6000
Event: 75.213 Thread 0x000000005c2c6800 Thread added: 0x000000005c2c6800
Event: 75.213 Thread 0x000000005c2c7800 Thread added: 0x000000005c2c7800


Dynamic libraries:
0x000000013f6d0000 - 0x000000013f707000 	C:\Program Files\Java\jdk1.8.0_66\bin\java.exe
0x0000000077a90000 - 0x0000000077c39000 	C:\Windows\SYSTEM32\ntdll.dll
0x0000000077970000 - 0x0000000077a8f000 	C:\Windows\system32\kernel32.dll
0x000007fefda90000 - 0x000007fefdafb000 	C:\Windows\system32\KERNELBASE.dll
0x000007feff5d0000 - 0x000007feff6ab000 	C:\Windows\system32\ADVAPI32.dll
0x000007feff9d0000 - 0x000007feffa6f000 	C:\Windows\system32\msvcrt.dll
0x000007fefe0a0000 - 0x000007fefe0bf000 	C:\Windows\SYSTEM32\sechost.dll
0x000007fefefe0000 - 0x000007feff10d000 	C:\Windows\system32\RPCRT4.dll
0x0000000077870000 - 0x000000007796a000 	C:\Windows\system32\USER32.dll
0x000007feffaf0000 - 0x000007feffb57000 	C:\Windows\system32\GDI32.dll
0x000007fefef30000 - 0x000007fefef3e000 	C:\Windows\system32\LPK.dll
0x000007fefddf0000 - 0x000007fefdeb9000 	C:\Windows\system32\USP10.dll
0x000007fefc490000 - 0x000007fefc684000 	C:\Windows\WinSxS\amd64_microsoft.windows.common-controls_6595b64144ccf1df_6.0.7601.17514_none_fa396087175ac9ac\COMCTL32.dll
0x000007fefe0c0000 - 0x000007fefe131000 	C:\Windows\system32\SHLWAPI.dll
0x000007fefddb0000 - 0x000007fefddde000 	C:\Windows\system32\IMM32.DLL
0x000007feffb60000 - 0x000007feffc69000 	C:\Windows\system32\MSCTF.dll
0x0000000067100000 - 0x00000000671d2000 	C:\Program Files\Java\jdk1.8.0_66\jre\bin\msvcr100.dll
0x00000000637f0000 - 0x0000000064079000 	C:\Program Files\Java\jdk1.8.0_66\jre\bin\server\jvm.dll
0x000007fef8540000 - 0x000007fef8549000 	C:\Windows\system32\WSOCK32.dll
0x000007feff980000 - 0x000007feff9cd000 	C:\Windows\system32\WS2_32.dll
0x000007fefdde0000 - 0x000007fefdde8000 	C:\Windows\system32\NSI.dll
0x000007fefadc0000 - 0x000007fefadfb000 	C:\Windows\system32\WINMM.dll
0x000007fefcb20000 - 0x000007fefcb2c000 	C:\Windows\system32\VERSION.dll
0x0000000077c60000 - 0x0000000077c67000 	C:\Windows\system32\PSAPI.DLL
0x00000000692b0000 - 0x00000000692bf000 	C:\Program Files\Java\jdk1.8.0_66\jre\bin\verify.dll
0x0000000067230000 - 0x0000000067259000 	C:\Program Files\Java\jdk1.8.0_66\jre\bin\java.dll
0x00000000670e0000 - 0x00000000670f6000 	C:\Program Files\Java\jdk1.8.0_66\jre\bin\zip.dll
0x000007fefe140000 - 0x000007fefeec8000 	C:\Windows\system32\SHELL32.dll
0x000007feff6d0000 - 0x000007feff8d3000 	C:\Windows\system32\ole32.dll
0x000007fefd9e0000 - 0x000007fefd9ef000 	C:\Windows\system32\profapi.dll
0x00000000670c0000 - 0x00000000670da000 	C:\Program Files\Java\jdk1.8.0_66\jre\bin\net.dll
0x000007fefd180000 - 0x000007fefd1d5000 	C:\Windows\system32\mswsock.dll
0x000007fefd320000 - 0x000007fefd327000 	C:\Windows\System32\wship6.dll
0x0000000067080000 - 0x0000000067091000 	C:\Program Files\Java\jdk1.8.0_66\jre\bin\nio.dll
0x000007fef4c90000 - 0x000007fef4ca2000 	C:\Users\Jaelyn\.gradle\native\19\windows-amd64\native-platform.dll
0x000007fefb810000 - 0x000007fefb837000 	C:\Windows\system32\IPHLPAPI.DLL
0x000007fefb7e0000 - 0x000007fefb7eb000 	C:\Windows\system32\WINNSI.DLL
0x000007fefb4c0000 - 0x000007fefb4d1000 	C:\Windows\system32\dhcpcsvc6.DLL
0x000007fefb480000 - 0x000007fefb498000 	C:\Windows\system32\dhcpcsvc.DLL
0x000007fefd450000 - 0x000007fefd467000 	C:\Windows\system32\CRYPTSP.dll
0x000007fefcf50000 - 0x000007fefcf97000 	C:\Windows\system32\rsaenh.dll
0x000007fefcd20000 - 0x000007fefcd3e000 	C:\Windows\system32\USERENV.dll
0x000007fefd910000 - 0x000007fefd91f000 	C:\Windows\system32\CRYPTBASE.dll
0x000007fefd8b0000 - 0x000007fefd907000 	C:\Windows\system32\apphelp.dll
0x0000000066e80000 - 0x0000000066e8d000 	C:\Program Files\Java\jdk1.8.0_66\jre\bin\management.dll
0x000007fef0d80000 - 0x000007fef0ea5000 	C:\Windows\system32\dbghelp.dll

VM Arguments:
jvm_args: -XX:MaxPermSize=256m -XX:+HeapDumpOnOutOfMemoryError -Xmx1024m -Dfile.encoding=GBK -Duser.country=CN -Duser.language=zh -Duser.variant 
java_command: org.gradle.launcher.daemon.bootstrap.GradleDaemon 2.4 C:\Users\Jaelyn\.gradle C:\Users\Jaelyn\.gradle\daemon 10800000 511d24ca-c03c-4d4e-a3cf-a3f12f5df86c -XX:MaxPermSize=256m -XX:+HeapDumpOnOutOfMemoryError -Xmx1024m -Dfile.encoding=GBK -Duser.country=CN -Duser.language=zh -Duser.variant
java_class_path (initial): C:\Users\Jaelyn\.gradle\wrapper\dists\gradle-2.4-all\6r4uqcc6ovnq6ac6s0txzcpc0\gradle-2.4\lib\gradle-launcher-2.4.jar
Launcher Type: SUN_STANDARD

Environment Variables:
PATH=C:\Windows\system32;C:\Windows;C:\Windows\System32\Wbem;C:\Windows\System32\WindowsPowerShell\v1.0\;C:\Program Files (x86)\NVIDIA Corporation\PhysX\Common;C:\Program Files\Java\jdk1.8.0_66\bin;D:\SDK\platform-tools;D:\SDK\tools;D:\Git\bin
USERNAME=Jaelyn
OS=Windows_NT
PROCESSOR_IDENTIFIER=Intel64 Family 6 Model 60 Stepping 3, GenuineIntel



---------------  S Y S T E M  ---------------

OS: Windows 7 , 64 bit Build 7601 (6.1.7601.17514)

CPU:total 4 (4 cores per cpu, 1 threads per core) family 6 model 60 stepping 3, cmov, cx8, fxsr, mmx, sse, sse2, sse3, ssse3, sse4.1, sse4.2, popcnt, avx, avx2, aes, clmul, erms, lzcnt, tsc, tscinvbit, bmi1, bmi2

Memory: 4k page, physical 8324432k(4490060k free), swap 16647020k(11892952k free)

vm_info: Java HotSpot(TM) 64-Bit Server VM (25.66-b18) for windows-amd64 JRE (1.8.0_66-b18), built on Nov  9 2015 10:51:13 by "java_re" with MS VC++ 10.0 (VS2010)

time: Tue Dec 08 18:59:48 2015
elapsed time: 75 seconds (0d 0h 1m 15s)

